<?xml version="1.0" encoding="UTF-8"?>
<!-- Generated by org.testng.reporters.JUnitReportReporter -->
<testsuite skipped="0" hostname="Deepak-Singh-LP" name="day2.TestNGTesting" tests="5" failures="0" timestamp="2022-02-03T04:19:42 IST" time="0.012" errors="0">
  <testcase name="testCase50" time="0.002" classname="day2.TestNGTesting"/>
  <system-out/>
  <testcase name="testCase10" time="0.002" classname="day2.TestNGTesting"/>
  <system-out/>
  <testcase name="testCase1" time="0.005" classname="day2.TestNGTesting"/>
  <system-out/>
  <testcase name="testCase100" time="0.002" classname="day2.TestNGTesting"/>
  <system-out/>
  <testcase name="testCase99" time="0.001" classname="day2.TestNGTesting"/>
  <system-out/>
</testsuite> <!-- day2.TestNGTesting -->
