<?xml version="1.0" encoding="UTF-8"?>
<!-- Generated by org.testng.reporters.JUnitReportReporter -->
<testsuite skipped="0" hostname="Deepak-Singh-LP" name="MyPractice.TestNGTesting" tests="4" failures="0" timestamp="2022-02-01T17:04:10 IST" time="0.009" errors="0">
  <testcase name="testCase2" time="0.001" classname="MyPractice.TestNGTesting"/>
  <system-out/>
  <testcase name="testCase8" time="0.002" classname="MyPractice.TestNGTesting"/>
  <system-out/>
  <testcase name="testCase1" time="0.005" classname="MyPractice.TestNGTesting"/>
  <system-out/>
  <testcase name="testCase3" time="0.001" classname="MyPractice.TestNGTesting"/>
  <system-out/>
</testsuite> <!-- MyPractice.TestNGTesting -->
